   Compiling libudev-sys v0.1.4
   Compiling libudev v0.3.0
   Compiling serialport v4.3.0
   Compiling ledmatrix_sysusage v0.1.0 (/shared/ryan/Documents/git/ledmatrix_sysusage)
warning: unused import: `BatteryWidget`
 --> src/matrix.rs:1:21
  |
1 | use crate::widget::{BatteryWidget, UpdatableWidget};
  |                     ^^^^^^^^^^^^^
  |
  = note: `#[warn(unused_imports)]` on by default

warning: unused variable: `test_mat`
  --> src/main.rs:33:13
   |
33 |     let mut test_mat: [[u8; 9];34] = [[0;9];34];
   |             ^^^^^^^^ help: if this is intentional, prefix it with an underscore: `_test_mat`
   |
   = note: `#[warn(unused_variables)]` on by default

warning: variable does not need to be mutable
  --> src/main.rs:33:9
   |
33 |     let mut test_mat: [[u8; 9];34] = [[0;9];34];
   |         ----^^^^^^^^
   |         |
   |         help: remove this `mut`
   |
   = note: `#[warn(unused_mut)]` on by default

warning: variable does not need to be mutable
  --> src/main.rs:38:9
   |
38 |     let mut blank = [[0;9];34];
   |         ----^^^^^
   |         |
   |         help: remove this `mut`

warning: `ledmatrix_sysusage` (bin "ledmatrix_sysusage") generated 4 warnings (run `cargo fix --bin "ledmatrix_sysusage"` to apply 4 suggestions)
    Finished dev [unoptimized + debuginfo] target(s) in 0.74s
     Running `target/debug/ledmatrix_sysusage`
Found LED matrix modules:
/dev/ttyACM3 - 0.2.0 Pre Release: false
/dev/ttyACM4 - 0.2.0 Pre Release: false
